# JRE version: Java(TM) SE Runtime Environment (21.0.6+8) (build 21.0.6+8-LTS-188)
# Java VM: Java HotSpot(TM) 64-Bit Server VM (21.0.6+8-LTS-188, mixed mode, sharing, tiered, compressed oops, compressed class ptrs, g1 gc, windows-amd64)
GC Precious Log:
 CardTable entry size: 512
 Card Set container configuration: InlinePtr #cards 4 size 8 Array Of Cards #cards 16 size 48 Howl #buckets 8 coarsen threshold 3686 Howl Bitmap #cards 512 size 80 coarsen threshold 460 Card regions per heap region 1 cards per card region 4096
 CPUs: 16 total, 16 available
 Memory: 16088M
 Large Page Support: Disabled
 NUMA Support: Disabled
 Compressed Oops: Enabled (Zero based)
 Heap Region Size: 2M
 Heap Min Capacity: 8M
 Heap Initial Capacity: 252M
 Heap Max Capacity: 4G
 Pre-touch: Disabled
 Parallel Workers: 13
 Concurrent Workers: 3
 Concurrent Refinement Workers: 13
 Periodic GC: Disabled
Heap:
 garbage-first heap   total 147456K, used 124032K [0x0000000700000000, 0x0000000800000000)
  region size 2048K, 21 young (43008K), 3 survivors (6144K)
 Metaspace       used 80798K, committed 83136K, reserved 1179648K
  class space    used 11347K, committed 12544K, reserved 1048576K
GC Heap History (20 events):
Event: 9.266 GC heap before
{Heap before GC invocations=13 (full 0):
 garbage-first heap   total 122880K, used 106996K [0x0000000700000000, 0x0000000800000000)
  region size 2048K, 29 young (59392K), 4 survivors (8192K)
 Metaspace       used 57578K, committed 59584K, reserved 1114112K
  class space    used 8198K, committed 9216K, reserved 1048576K
}
Event: 9.271 GC heap after
{Heap after GC invocations=14 (full 0):
 garbage-first heap   total 122880K, used 61836K [0x0000000700000000, 0x0000000800000000)
  region size 2048K, 3 young (6144K), 3 survivors (6144K)
 Metaspace       used 57578K, committed 59584K, reserved 1114112K
  class space    used 8198K, committed 9216K, reserved 1048576K
}
Event: 9.491 GC heap before
{Heap before GC invocations=14 (full 0):
 garbage-first heap   total 122880K, used 70028K [0x0000000700000000, 0x0000000800000000)
  region size 2048K, 8 young (16384K), 3 survivors (6144K)
 Metaspace       used 58652K, committed 60608K, reserved 1114112K
  class space    used 8325K, committed 9344K, reserved 1048576K
}
Event: 9.494 GC heap after
{Heap after GC invocations=15 (full 0):
 garbage-first heap   total 122880K, used 62644K [0x0000000700000000, 0x0000000800000000)
  region size 2048K, 1 young (2048K), 1 survivors (2048K)
 Metaspace       used 58652K, committed 60608K, reserved 1114112K
  class space    used 8325K, committed 9344K, reserved 1048576K
}
Event: 10.160 GC heap before
{Heap before GC invocations=16 (full 0):
 garbage-first heap   total 122880K, used 117940K [0x0000000700000000, 0x0000000800000000)
  region size 2048K, 24 young (49152K), 1 survivors (2048K)
 Metaspace       used 63319K, committed 65408K, reserved 1114112K
  class space    used 8940K, committed 9984K, reserved 1048576K
}
Event: 10.162 GC heap after
{Heap after GC invocations=17 (full 0):
 garbage-first heap   total 122880K, used 72899K [0x0000000700000000, 0x0000000800000000)
  region size 2048K, 2 young (4096K), 2 survivors (4096K)
 Metaspace       used 63319K, committed 65408K, reserved 1114112K
  class space    used 8940K, committed 9984K, reserved 1048576K
}
Event: 10.559 GC heap before
{Heap before GC invocations=17 (full 0):
 garbage-first heap   total 122880K, used 111811K [0x0000000700000000, 0x0000000800000000)
  region size 2048K, 21 young (43008K), 2 survivors (4096K)
 Metaspace       used 66661K, committed 68672K, reserved 1114112K
  class space    used 9354K, committed 10368K, reserved 1048576K
}
Event: 10.562 GC heap after
{Heap after GC invocations=18 (full 0):
 garbage-first heap   total 122880K, used 73121K [0x0000000700000000, 0x0000000800000000)
  region size 2048K, 3 young (6144K), 3 survivors (6144K)
 Metaspace       used 66661K, committed 68672K, reserved 1114112K
  class space    used 9354K, committed 10368K, reserved 1048576K
}
Event: 10.991 GC heap before
{Heap before GC invocations=18 (full 0):
 garbage-first heap   total 122880K, used 107937K [0x0000000700000000, 0x0000000800000000)
  region size 2048K, 20 young (40960K), 3 survivors (6144K)
 Metaspace       used 68876K, committed 70912K, reserved 1114112K
  class space    used 9660K, committed 10688K, reserved 1048576K
}
Event: 10.996 GC heap after
{Heap after GC invocations=19 (full 0):
 garbage-first heap   total 122880K, used 74945K [0x0000000700000000, 0x0000000800000000)
  region size 2048K, 2 young (4096K), 2 survivors (4096K)
 Metaspace       used 68876K, committed 70912K, reserved 1114112K
  class space    used 9660K, committed 10688K, reserved 1048576K
}
Event: 11.581 GC heap before
{Heap before GC invocations=20 (full 0):
 garbage-first heap   total 131072K, used 109761K [0x0000000700000000, 0x0000000800000000)
  region size 2048K, 19 young (38912K), 2 survivors (4096K)
 Metaspace       used 70216K, committed 72320K, reserved 1114112K
  class space    used 9846K, committed 10880K, reserved 1048576K
}
Event: 11.583 GC heap after
{Heap after GC invocations=21 (full 0):
 garbage-first heap   total 131072K, used 78714K [0x0000000700000000, 0x0000000800000000)
  region size 2048K, 3 young (6144K), 3 survivors (6144K)
 Metaspace       used 70216K, committed 72320K, reserved 1114112K
  class space    used 9846K, committed 10880K, reserved 1048576K
}
Event: 47.038 GC heap before
{Heap before GC invocations=21 (full 0):
 garbage-first heap   total 131072K, used 115578K [0x0000000700000000, 0x0000000800000000)
  region size 2048K, 21 young (43008K), 3 survivors (6144K)
 Metaspace       used 72844K, committed 75072K, reserved 1114112K
  class space    used 10259K, committed 11392K, reserved 1048576K
}
Event: 47.057 GC heap after
{Heap after GC invocations=22 (full 0):
 garbage-first heap   total 131072K, used 78403K [0x0000000700000000, 0x0000000800000000)
  region size 2048K, 2 young (4096K), 2 survivors (4096K)
 Metaspace       used 72844K, committed 75072K, reserved 1114112K
  class space    used 10259K, committed 11392K, reserved 1048576K
}
Event: 48.073 GC heap before
{Heap before GC invocations=22 (full 0):
 garbage-first heap   total 131072K, used 117315K [0x0000000700000000, 0x0000000800000000)
  region size 2048K, 21 young (43008K), 2 survivors (4096K)
 Metaspace       used 75660K, committed 77888K, reserved 1179648K
  class space    used 10724K, committed 11840K, reserved 1048576K
}
Event: 48.080 GC heap after
{Heap after GC invocations=23 (full 0):
 garbage-first heap   total 131072K, used 84786K [0x0000000700000000, 0x0000000800000000)
  region size 2048K, 3 young (6144K), 3 survivors (6144K)
 Metaspace       used 75660K, committed 77888K, reserved 1179648K
  class space    used 10724K, committed 11840K, reserved 1048576K
}
Event: 52.267 GC heap before
{Heap before GC invocations=24 (full 0):
 garbage-first heap   total 147456K, used 113458K [0x0000000700000000, 0x0000000800000000)
  region size 2048K, 17 young (34816K), 3 survivors (6144K)
 Metaspace       used 78976K, committed 81280K, reserved 1179648K
  class space    used 11135K, committed 12288K, reserved 1048576K
}
Event: 52.273 GC heap after
{Heap after GC invocations=25 (full 0):
 garbage-first heap   total 147456K, used 88274K [0x0000000700000000, 0x0000000800000000)
  region size 2048K, 2 young (4096K), 2 survivors (4096K)
 Metaspace       used 78976K, committed 81280K, reserved 1179648K
  class space    used 11135K, committed 12288K, reserved 1048576K
}
Event: 61.993 GC heap before
{Heap before GC invocations=25 (full 0):
 garbage-first heap   total 147456K, used 129234K [0x0000000700000000, 0x0000000800000000)
  region size 2048K, 23 young (47104K), 2 survivors (4096K)
 Metaspace       used 80615K, committed 82944K, reserved 1179648K
  class space    used 11338K, committed 12544K, reserved 1048576K
}
Event: 61.999 GC heap after
{Heap after GC invocations=26 (full 0):
 garbage-first heap   total 147456K, used 89216K [0x0000000700000000, 0x0000000800000000)
  region size 2048K, 3 young (6144K), 3 survivors (6144K)
 Metaspace       used 80615K, committed 82944K, reserved 1179648K
  class space    used 11338K, committed 12544K, reserved 1048576K
}

